-------------------------------------------------------------------------------
Test set: com.antananarivo.backend.ReportCrudIntegrationTest
-------------------------------------------------------------------------------
Tests run: 1, Failures: 0, Errors: 1, Skipped: 0, Time elapsed: 0.086 s <<< FAILURE! -- in com.antananarivo.backend.ReportCrudIntegrationTest
com.antananarivo.backend.ReportCrudIntegrationTest.managerCanCrudReports -- Time elapsed: 0.058 s <<< ERROR!
org.springframework.web.client.ResourceAccessException: I/O error on POST request for "http://localhost:45745/api/auth/login": cannot retry due to server authentication, in streaming mode
	at org.springframework.web.client.RestTemplate.createResourceAccessException(RestTemplate.java:905)
	at org.springframework.web.client.RestTemplate.doExecute(RestTemplate.java:885)
	at org.springframework.web.client.RestTemplate.execute(RestTemplate.java:781)
	at org.springframework.web.client.RestTemplate.postForEntity(RestTemplate.java:529)
	at org.springframework.boot.test.web.client.TestRestTemplate.postForEntity(TestRestTemplate.java:454)
	at com.antananarivo.backend.ReportCrudIntegrationTest.loginAsAdmin(ReportCrudIntegrationTest.java:26)
	at com.antananarivo.backend.ReportCrudIntegrationTest.managerCanCrudReports(ReportCrudIntegrationTest.java:33)
	at java.base/java.lang.reflect.Method.invoke(Method.java:580)
	at java.base/java.util.ArrayList.forEach(ArrayList.java:1596)
	at java.base/java.util.ArrayList.forEach(ArrayList.java:1596)
Caused by: java.net.HttpRetryException: cannot retry due to server authentication, in streaming mode
	at java.base/sun.net.www.protocol.http.HttpURLConnection.getInputStream0(HttpURLConnection.java:1826)
	at java.base/sun.net.www.protocol.http.HttpURLConnection.getInputStream(HttpURLConnection.java:1629)
	at java.base/java.net.HttpURLConnection.getResponseCode(HttpURLConnection.java:531)
	at org.springframework.http.client.SimpleClientHttpResponse.getStatusCode(SimpleClientHttpResponse.java:55)
	at org.springframework.web.client.DefaultResponseErrorHandler.hasError(DefaultResponseErrorHandler.java:83)
	at org.springframework.web.client.RestTemplate.handleResponse(RestTemplate.java:921)
	at org.springframework.web.client.RestTemplate.doExecute(RestTemplate.java:881)
	... 8 more

