<?xml version="1.0" encoding="UTF-8"?>
<testsuite xmlns:xsi="http://www.w3.org/2001/XMLSchema-instance" xsi:noNamespaceSchemaLocation="https://maven.apache.org/surefire/maven-surefire-plugin/xsd/surefire-test-report-3.0.xsd" version="3.0" name="com.antananarivo.backend.AuthIntegrationTest" time="19.765" tests="1" errors="0" skipped="0" failures="0">
  <properties>
[...]
</properties>
  <testcase name="loginSeededAdminReturnsToken" classname="com.antananarivo.backend.AuthIntegrationTest" time="2.277">
    <system-out><![CDATA[11:30:58.662 [main] INFO org.springframework.test.context.support.AnnotationConfigContextLoaderUtils -- Could not detect default configuration classes for test class [com.antananarivo.backend.AuthIntegrationTest]: AuthIntegrationTest does not declare any static, non-private, non-final, nested classes annotated with @Configuration.
11:30:58.870 [main] INFO org.springframework.boot.test.context.SpringBootTestContextBootstrapper -- Found @SpringBootConfiguration com.antananarivo.backend.BackendApplication for test class com.antananarivo.backend.AuthIntegrationTest

  .   ____          _            __ _ _
 /\\ / ___'_ __ _ _(_)_ __  __ _ \ \ \ \
( ( )\___ | '_ | '_| | '_ \/ _` | \ \ \ \
 \\/  ___)| |_)| | | | | || (_| |  ) ) ) )
  '  |____| .__|_| |_|_| |_\__, | / / / /
 =========|_|==============|___/=/_/_/_/
 :: Spring Boot ::                (v3.2.0)

2026-02-10T11:30:59.864+03:00  INFO 149987 --- [           main] c.a.backend.AuthIntegrationTest          : Starting AuthIntegrationTest using Java 21.0.9 with PID 149987 (started by zoniainaremi in /home/zoniainaremi/Documents/ITU/S5/Mr-Rojo/INF306 Cloud/Projet/Fire-base structurer/App/backend)
2026-02-10T11:30:59.866+03:00  INFO 149987 --- [           main] c.a.backend.AuthIntegrationTest          : No active profile set, falling back to 1 default profile: "default"
2026-02-10T11:31:01.908+03:00  INFO 149987 --- [           main] .s.d.r.c.RepositoryConfigurationDelegate : Bootstrapping Spring Data JPA repositories in DEFAULT mode.
2026-02-10T11:31:02.038+03:00  INFO 149987 --- [           main] .s.d.r.c.RepositoryConfigurationDelegate : Finished Spring Data repository scanning in 104 ms. Found 4 JPA repository interfaces.
2026-02-10T11:31:03.701+03:00  INFO 149987 --- [           main] o.s.b.w.embedded.tomcat.TomcatWebServer  : Tomcat initialized with port 0 (http)
2026-02-10T11:31:03.703+03:00  INFO 149987 --- [           main] o.a.catalina.core.AprLifecycleListener   : An older version [1.3.1] of the Apache Tomcat Native library is installed, while Tomcat recommends a minimum version of [2.0.5]
2026-02-10T11:31:03.704+03:00  INFO 149987 --- [           main] o.a.catalina.core.AprLifecycleListener   : Loaded Apache Tomcat Native library [1.3.1] using APR version [1.7.5].
2026-02-10T11:31:03.717+03:00  INFO 149987 --- [           main] o.a.catalina.core.AprLifecycleListener   : OpenSSL successfully initialized [OpenSSL 3.5.4 30 Sep 2025]
2026-02-10T11:31:03.735+03:00  INFO 149987 --- [           main] o.apache.catalina.core.StandardService   : Starting service [Tomcat]
2026-02-10T11:31:03.735+03:00  INFO 149987 --- [           main] o.apache.catalina.core.StandardEngine    : Starting Servlet engine: [Apache Tomcat/10.1.16]
2026-02-10T11:31:03.820+03:00  INFO 149987 --- [           main] o.a.c.c.C.[Tomcat].[localhost].[/]       : Initializing Spring embedded WebApplicationContext
2026-02-10T11:31:03.822+03:00  INFO 149987 --- [           main] w.s.c.ServletWebServerApplicationContext : Root WebApplicationContext: initialization completed in 3925 ms
2026-02-10T11:31:04.099+03:00  INFO 149987 --- [           main] o.hibernate.jpa.internal.util.LogHelper  : HHH000204: Processing PersistenceUnitInfo [name: default]
2026-02-10T11:31:04.188+03:00  INFO 149987 --- [           main] org.hibernate.Version                    : HHH000412: Hibernate ORM core version 6.3.1.Final
2026-02-10T11:31:04.245+03:00  INFO 149987 --- [           main] o.h.c.internal.RegionFactoryInitiator    : HHH000026: Second-level cache disabled
2026-02-10T11:31:04.879+03:00  INFO 149987 --- [           main] o.s.o.j.p.SpringPersistenceUnitInfo      : No LoadTimeWeaver setup: ignoring JPA class transformer
2026-02-10T11:31:04.950+03:00  INFO 149987 --- [           main] com.zaxxer.hikari.HikariDataSource       : HikariPool-1 - Starting...
2026-02-10T11:31:05.842+03:00  INFO 149987 --- [           main] com.zaxxer.hikari.pool.HikariPool        : HikariPool-1 - Added connection org.postgresql.jdbc.PgConnection@6ae42248
2026-02-10T11:31:05.852+03:00  INFO 149987 --- [           main] com.zaxxer.hikari.HikariDataSource       : HikariPool-1 - Start completed.
2026-02-10T11:31:09.437+03:00  INFO 149987 --- [           main] o.h.e.t.j.p.i.JtaPlatformInitiator       : HHH000489: No JTA platform available (set 'hibernate.transaction.jta.platform' to enable JTA platform integration)
2026-02-10T11:31:09.624+03:00  INFO 149987 --- [           main] j.LocalContainerEntityManagerFactoryBean : Initialized JPA EntityManagerFactory for persistence unit 'default'
2026-02-10T11:31:11.726+03:00  WARN 149987 --- [           main] JpaBaseConfiguration$JpaWebConfiguration : spring.jpa.open-in-view is enabled by default. Therefore, database queries may be performed during view rendering. Explicitly configure spring.jpa.open-in-view to disable this warning
2026-02-10T11:31:11.825+03:00  WARN 149987 --- [           main] .s.s.UserDetailsServiceAutoConfiguration : 

Using generated security password: caffc90b-f304-46af-933c-66ffac16e303

This generated password is for development use only. Your security configuration must be updated before running your application in production.

2026-02-10T11:31:13.043+03:00  INFO 149987 --- [           main] o.s.s.web.DefaultSecurityFilterChain     : Will secure any request with [org.springframework.security.web.session.DisableEncodeUrlFilter@2a728076, org.springframework.security.web.context.request.async.WebAsyncManagerIntegrationFilter@a3f1f32, org.springframework.security.web.context.SecurityContextHolderFilter@25cef4b3, org.springframework.security.web.header.HeaderWriterFilter@765d67dd, org.springframework.web.filter.CorsFilter@67fda9fb, org.springframework.security.web.authentication.logout.LogoutFilter@1b18fa79, com.antananarivo.backend.security.JwtFilter@580e01cd, org.springframework.security.web.savedrequest.RequestCacheAwareFilter@5bdef8ee, org.springframework.security.web.servletapi.SecurityContextHolderAwareRequestFilter@345d4ecb, org.springframework.security.web.authentication.AnonymousAuthenticationFilter@580a5b6e, org.springframework.security.web.session.SessionManagementFilter@2fda92e0, org.springframework.security.web.access.ExceptionTranslationFilter@5f3bc119, org.springframework.security.web.access.intercept.AuthorizationFilter@34128fed]
2026-02-10T11:31:14.529+03:00  INFO 149987 --- [           main] o.s.b.w.embedded.tomcat.TomcatWebServer  : Tomcat started on port 45745 (http) with context path ''
2026-02-10T11:31:14.541+03:00  INFO 149987 --- [           main] c.a.backend.AuthIntegrationTest          : Started AuthIntegrationTest in 15.457 seconds (process running for 17.369)
Hibernate: select u1_0.id,u1_0.email,u1_0.password_hash,u1_0.role,u1_0.status from users u1_0 where upper(u1_0.email)=upper(?)
Hibernate: select count(*) from reports r1_0
Hibernate: select count(*) from companies c1_0
2026-02-10T11:31:17.369+03:00  INFO 149987 --- [o-auto-1-exec-1] o.a.c.c.C.[Tomcat].[localhost].[/]       : Initializing Spring DispatcherServlet 'dispatcherServlet'
2026-02-10T11:31:17.370+03:00  INFO 149987 --- [o-auto-1-exec-1] o.s.web.servlet.DispatcherServlet        : Initializing Servlet 'dispatcherServlet'
2026-02-10T11:31:17.371+03:00  INFO 149987 --- [o-auto-1-exec-1] o.s.web.servlet.DispatcherServlet        : Completed initialization in 1 ms
2026-02-10T11:31:17.404+03:00  WARN 149987 --- [o-auto-1-exec-1] o.s.w.s.h.HandlerMappingIntrospector     : Cache miss for REQUEST dispatch to '/api/auth/login' (previous null). Performing CorsConfiguration lookup. This is logged once only at WARN level, and every time at TRACE.
2026-02-10T11:31:17.445+03:00  WARN 149987 --- [o-auto-1-exec-1] o.s.w.s.h.HandlerMappingIntrospector     : Cache miss for REQUEST dispatch to '/api/auth/login' (previous null). Performing MatchableHandlerMapping lookup. This is logged once only at WARN level, and every time at TRACE.
Hibernate: select u1_0.id,u1_0.email,u1_0.password_hash,u1_0.role,u1_0.status from users u1_0 where upper(u1_0.email)=upper(?)
]]></system-out>
    <system-err><![CDATA[WARNING: A Java agent has been loaded dynamically (/home/zoniainaremi/.m2/repository/net/bytebuddy/byte-buddy-agent/1.14.10/byte-buddy-agent-1.14.10.jar)
WARNING: If a serviceability tool is in use, please run with -XX:+EnableDynamicAgentLoading to hide this warning
WARNING: If a serviceability tool is not in use, please run with -Djdk.instrument.traceUsage for more information
WARNING: Dynamic loading of agents will be disallowed by default in a future release
]]></system-err>
  </testcase>
</testsuite>